[20:47:54.687] Global cache location '/home/christian/.cache/typescript/4.5', safe file path '/home/christian/.emacs.d/.cache/lsp/npm/typescript/lib/node_modules/typescript/lib/typingSafeList.json', types map path /home/christian/.emacs.d/.cache/lsp/npm/typescript/lib/node_modules/typescript/lib/typesMap.json
[20:47:54.688] Processing cache location '/home/christian/.cache/typescript/4.5'
[20:47:54.688] Trying to find '/home/christian/.cache/typescript/4.5/package.json'...
[20:47:54.688] Loaded content of '/home/christian/.cache/typescript/4.5/package.json': {"private":true,"dependencies":{"types-registry":"^0.1.576"},"devDependencies":{"@types/object-assign":"^4.0.30","@types/react":"^17.0.38","@types/react-dom":"^17.0.11","@types/scheduler":"^0.16.2"}}
[20:47:54.688] Loaded content of '/home/christian/.cache/typescript/4.5/package-lock.json'
[20:47:54.695] Adding entry into typings cache: 'object-assign' => '/home/christian/.cache/typescript/4.5/node_modules/@types/object-assign/index.d.ts'
[20:47:54.699] Adding entry into typings cache: 'react' => '/home/christian/.cache/typescript/4.5/node_modules/@types/react/index.d.ts'
[20:47:54.700] Adding entry into typings cache: 'react-dom' => '/home/christian/.cache/typescript/4.5/node_modules/@types/react-dom/index.d.ts'
[20:47:54.701] Adding entry into typings cache: 'scheduler' => '/home/christian/.cache/typescript/4.5/node_modules/@types/scheduler/index.d.ts'
[20:47:54.701] Finished processing cache location '/home/christian/.cache/typescript/4.5'
[20:47:54.701] Process id: 2055
[20:47:54.701] NPM location: /usr/local/bin/npm (explicit '--npmLocation' not  provided)
[20:47:54.701] validateDefaultNpmLocation: false
[20:47:54.701] Npm config file: /home/christian/.cache/typescript/4.5/package.json
[20:47:54.701] Updating types-registry npm package...
[20:47:54.702] Exec: /usr/local/bin/npm install --ignore-scripts types-registry@latest
[20:47:55.330]     Succeeded. stdout:
    
    up to date, audited 8 packages in 538ms

found 0 vulnerabilities

[20:47:55.330] Updated types-registry npm package
[20:47:56.653] Got install request {"projectName":"/dev/null/inferredProject1*","fileNames":["/home/christian/.emacs.d/.cache/lsp/npm/typescript/lib/node_modules/typescript/lib/lib.es5.d.ts","/home/christian/.emacs.d/.cache/lsp/npm/typescript/lib/node_modules/typescript/lib/lib.es2015.d.ts","/home/christian/.emacs.d/.cache/lsp/npm/typescript/lib/node_modules/typescript/lib/lib.es2016.d.ts","/home/christian/.emacs.d/.cache/lsp/npm/typescript/lib/node_modules/typescript/lib/lib.dom.d.ts","/home/christian/.emacs.d/.cache/lsp/npm/typescript/lib/node_modules/typescript/lib/lib.dom.iterable.d.ts","/home/christian/.emacs.d/.cache/lsp/npm/typescript/lib/node_modules/typescript/lib/lib.webworker.importscripts.d.ts","/home/christian/.emacs.d/.cache/lsp/npm/typescript/lib/node_modules/typescript/lib/lib.scripthost.d.ts","/home/christian/.emacs.d/.cache/lsp/npm/typescript/lib/node_modules/typescript/lib/lib.es2015.core.d.ts","/home/christian/.emacs.d/.cache/lsp/npm/typescript/lib/node_modules/typescript/lib/lib.es2015.collection.d.ts","/home/christian/.emacs.d/.cache/lsp/npm/typescript/lib/node_modules/typescript/lib/lib.es2015.generator.d.ts","/home/christian/.emacs.d/.cache/lsp/npm/typescript/lib/node_modules/typescript/lib/lib.es2015.iterable.d.ts","/home/christian/.emacs.d/.cache/lsp/npm/typescript/lib/node_modules/typescript/lib/lib.es2015.promise.d.ts","/home/christian/.emacs.d/.cache/lsp/npm/typescript/lib/node_modules/typescript/lib/lib.es2015.proxy.d.ts","/home/christian/.emacs.d/.cache/lsp/npm/typescript/lib/node_modules/typescript/lib/lib.es2015.reflect.d.ts","/home/christian/.emacs.d/.cache/lsp/npm/typescript/lib/node_modules/typescript/lib/lib.es2015.symbol.d.ts","/home/christian/.emacs.d/.cache/lsp/npm/typescript/lib/node_modules/typescript/lib/lib.es2015.symbol.wellknown.d.ts","/home/christian/.emacs.d/.cache/lsp/npm/typescript/lib/node_modules/typescript/lib/lib.es2016.array.include.d.ts","/home/christian/.emacs.d/.cache/lsp/npm/typescript/lib/node_modules/typescript/lib/lib.es2016.full.d.ts","/home/christian/Projects/fullstack/fullstack2a/src/components/Note.js"],"compilerOptions":{"module":1,"target":3,"jsx":1,"allowJs":true,"allowSyntheticDefaultImports":true,"allowNonTsExtensions":true,"noEmitForJsFiles":true,"maxNodeModuleJsDepth":2},"typeAcquisition":{"enable":true,"include":[],"exclude":[]},"unresolvedImports":[],"projectRootPath":"/home/christian/Projects/fullstack/fullstack2a/src/components","kind":"discover"}
[20:47:56.662] Loaded safelist from types map file '/home/christian/.emacs.d/.cache/lsp/npm/typescript/lib/node_modules/typescript/lib/typesMap.json'
[20:47:56.662] Explicitly included types: []
[20:47:56.663] Inferred typings from unresolved imports: []
[20:47:56.663] Result: {"cachedTypingPaths":[],"newTypingNames":[],"filesToWatch":["/home/christian/Projects/fullstack/fullstack2a/src/components/bower_components","/home/christian/Projects/fullstack/fullstack2a/src/components/node_modules"]}
[20:47:56.663] Finished typings discovery: {"cachedTypingPaths":[],"newTypingNames":[],"filesToWatch":["/home/christian/Projects/fullstack/fullstack2a/src/components/bower_components","/home/christian/Projects/fullstack/fullstack2a/src/components/node_modules"]}
[20:47:56.663] DirectoryWatcher:: Added:: WatchInfo: /home/christian/Projects/fullstack/fullstack2a/src/components/bower_components
[20:47:56.664] DirectoryWatcher:: Added:: WatchInfo: /home/christian/Projects/fullstack/fullstack2a/src/components/bower_components 1 undefined Project: /dev/null/inferredProject1* watcher already invoked: false
[20:47:56.665] Elapsed:: 0.9820270000491291ms DirectoryWatcher:: Added:: WatchInfo: /home/christian/Projects/fullstack/fullstack2a/src/components/bower_components 1 undefined Project: /dev/null/inferredProject1* watcher already invoked: false
[20:47:56.665] DirectoryWatcher:: Added:: WatchInfo: /home/christian/Projects/fullstack/fullstack2a/src/components/node_modules
[20:47:56.665] DirectoryWatcher:: Added:: WatchInfo: /home/christian/Projects/fullstack/fullstack2a/src/components/node_modules 1 undefined Project: /dev/null/inferredProject1* watcher already invoked: false
[20:47:56.665] Elapsed:: 0.06791500002145767ms DirectoryWatcher:: Added:: WatchInfo: /home/christian/Projects/fullstack/fullstack2a/src/components/node_modules 1 undefined Project: /dev/null/inferredProject1* watcher already invoked: false
[20:47:56.665] Sending response:
    {"projectName":"/dev/null/inferredProject1*","typeAcquisition":{"enable":true,"include":[],"exclude":[]},"compilerOptions":{"module":1,"target":3,"jsx":1,"allowJs":true,"allowSyntheticDefaultImports":true,"allowNonTsExtensions":true,"noEmitForJsFiles":true,"maxNodeModuleJsDepth":2},"typings":[],"unresolvedImports":[],"kind":"action::set"}
[20:47:56.665] Response has been sent.
[20:47:56.665] No new typings were requested as a result of typings discovery
[21:06:31.064] Got install request {"projectName":"/dev/null/inferredProject2*","fileNames":["/home/christian/.emacs.d/.cache/lsp/npm/typescript/lib/node_modules/typescript/lib/lib.es5.d.ts","/home/christian/.emacs.d/.cache/lsp/npm/typescript/lib/node_modules/typescript/lib/lib.es2015.d.ts","/home/christian/.emacs.d/.cache/lsp/npm/typescript/lib/node_modules/typescript/lib/lib.es2016.d.ts","/home/christian/.emacs.d/.cache/lsp/npm/typescript/lib/node_modules/typescript/lib/lib.dom.d.ts","/home/christian/.emacs.d/.cache/lsp/npm/typescript/lib/node_modules/typescript/lib/lib.dom.iterable.d.ts","/home/christian/.emacs.d/.cache/lsp/npm/typescript/lib/node_modules/typescript/lib/lib.webworker.importscripts.d.ts","/home/christian/.emacs.d/.cache/lsp/npm/typescript/lib/node_modules/typescript/lib/lib.scripthost.d.ts","/home/christian/.emacs.d/.cache/lsp/npm/typescript/lib/node_modules/typescript/lib/lib.es2015.core.d.ts","/home/christian/.emacs.d/.cache/lsp/npm/typescript/lib/node_modules/typescript/lib/lib.es2015.collection.d.ts","/home/christian/.emacs.d/.cache/lsp/npm/typescript/lib/node_modules/typescript/lib/lib.es2015.generator.d.ts","/home/christian/.emacs.d/.cache/lsp/npm/typescript/lib/node_modules/typescript/lib/lib.es2015.iterable.d.ts","/home/christian/.emacs.d/.cache/lsp/npm/typescript/lib/node_modules/typescript/lib/lib.es2015.promise.d.ts","/home/christian/.emacs.d/.cache/lsp/npm/typescript/lib/node_modules/typescript/lib/lib.es2015.proxy.d.ts","/home/christian/.emacs.d/.cache/lsp/npm/typescript/lib/node_modules/typescript/lib/lib.es2015.reflect.d.ts","/home/christian/.emacs.d/.cache/lsp/npm/typescript/lib/node_modules/typescript/lib/lib.es2015.symbol.d.ts","/home/christian/.emacs.d/.cache/lsp/npm/typescript/lib/node_modules/typescript/lib/lib.es2015.symbol.wellknown.d.ts","/home/christian/.emacs.d/.cache/lsp/npm/typescript/lib/node_modules/typescript/lib/lib.es2016.array.include.d.ts","/home/christian/.emacs.d/.cache/lsp/npm/typescript/lib/node_modules/typescript/lib/lib.es2016.full.d.ts","/home/christian/Projects/fullstack/fullstack2a/src/services/notes.js"],"compilerOptions":{"module":1,"target":3,"jsx":1,"allowJs":true,"allowSyntheticDefaultImports":true,"allowNonTsExtensions":true,"noEmitForJsFiles":true,"maxNodeModuleJsDepth":2},"typeAcquisition":{"enable":true,"include":[],"exclude":[]},"unresolvedImports":[],"projectRootPath":"/home/christian/Projects/fullstack/fullstack2a/src/services","kind":"discover"}
[21:06:31.064] Explicitly included types: []
[21:06:31.064] Inferred typings from unresolved imports: []
[21:06:31.064] Result: {"cachedTypingPaths":[],"newTypingNames":[],"filesToWatch":["/home/christian/Projects/fullstack/fullstack2a/src/services/bower_components","/home/christian/Projects/fullstack/fullstack2a/src/services/node_modules"]}
[21:06:31.064] Finished typings discovery: {"cachedTypingPaths":[],"newTypingNames":[],"filesToWatch":["/home/christian/Projects/fullstack/fullstack2a/src/services/bower_components","/home/christian/Projects/fullstack/fullstack2a/src/services/node_modules"]}
[21:06:31.065] DirectoryWatcher:: Added:: WatchInfo: /home/christian/Projects/fullstack/fullstack2a/src/services/bower_components
[21:06:31.065] DirectoryWatcher:: Added:: WatchInfo: /home/christian/Projects/fullstack/fullstack2a/src/services/bower_components 1 undefined Project: /dev/null/inferredProject2* watcher already invoked: false
[21:06:31.065] Elapsed:: 0.08229000004939735ms DirectoryWatcher:: Added:: WatchInfo: /home/christian/Projects/fullstack/fullstack2a/src/services/bower_components 1 undefined Project: /dev/null/inferredProject2* watcher already invoked: false
[21:06:31.065] DirectoryWatcher:: Added:: WatchInfo: /home/christian/Projects/fullstack/fullstack2a/src/services/node_modules
[21:06:31.065] DirectoryWatcher:: Added:: WatchInfo: /home/christian/Projects/fullstack/fullstack2a/src/services/node_modules 1 undefined Project: /dev/null/inferredProject2* watcher already invoked: false
[21:06:31.065] Elapsed:: 0.06301199994049966ms DirectoryWatcher:: Added:: WatchInfo: /home/christian/Projects/fullstack/fullstack2a/src/services/node_modules 1 undefined Project: /dev/null/inferredProject2* watcher already invoked: false
[21:06:31.065] Sending response:
    {"projectName":"/dev/null/inferredProject2*","typeAcquisition":{"enable":true,"include":[],"exclude":[]},"compilerOptions":{"module":1,"target":3,"jsx":1,"allowJs":true,"allowSyntheticDefaultImports":true,"allowNonTsExtensions":true,"noEmitForJsFiles":true,"maxNodeModuleJsDepth":2},"typings":[],"unresolvedImports":[],"kind":"action::set"}
[21:06:31.065] Response has been sent.
[21:06:31.065] No new typings were requested as a result of typings discovery
