[18:53:58.530] Global cache location '/home/christian/.cache/typescript/4.5', safe file path '/home/christian/.emacs.d/.cache/lsp/npm/typescript/lib/node_modules/typescript/lib/typingSafeList.json', types map path /home/christian/.emacs.d/.cache/lsp/npm/typescript/lib/node_modules/typescript/lib/typesMap.json
[18:53:58.530] Processing cache location '/home/christian/.cache/typescript/4.5'
[18:53:58.530] Trying to find '/home/christian/.cache/typescript/4.5/package.json'...
[18:53:58.531] Loaded content of '/home/christian/.cache/typescript/4.5/package.json': {"private":true,"dependencies":{"types-registry":"^0.1.576"},"devDependencies":{"@types/object-assign":"^4.0.30","@types/react":"^17.0.38"}}
[18:53:58.531] Loaded content of '/home/christian/.cache/typescript/4.5/package-lock.json'
[18:53:58.537] Adding entry into typings cache: 'object-assign' => '/home/christian/.cache/typescript/4.5/node_modules/@types/object-assign/index.d.ts'
[18:53:58.542] Adding entry into typings cache: 'react' => '/home/christian/.cache/typescript/4.5/node_modules/@types/react/index.d.ts'
[18:53:58.542] Finished processing cache location '/home/christian/.cache/typescript/4.5'
[18:53:58.542] Process id: 8987
[18:53:58.542] NPM location: /usr/local/bin/npm (explicit '--npmLocation' not  provided)
[18:53:58.542] validateDefaultNpmLocation: false
[18:53:58.542] Npm config file: /home/christian/.cache/typescript/4.5/package.json
[18:53:58.542] Updating types-registry npm package...
[18:53:58.542] Exec: /usr/local/bin/npm install --ignore-scripts types-registry@latest
[18:53:59.180]     Succeeded. stdout:
    
    up to date, audited 7 packages in 546ms

found 0 vulnerabilities

[18:53:59.181] Updated types-registry npm package
[18:54:00.543] Got install request {"projectName":"/dev/null/inferredProject1*","fileNames":["/home/christian/.emacs.d/.cache/lsp/npm/typescript/lib/node_modules/typescript/lib/lib.es5.d.ts","/home/christian/.emacs.d/.cache/lsp/npm/typescript/lib/node_modules/typescript/lib/lib.es2015.d.ts","/home/christian/.emacs.d/.cache/lsp/npm/typescript/lib/node_modules/typescript/lib/lib.es2016.d.ts","/home/christian/.emacs.d/.cache/lsp/npm/typescript/lib/node_modules/typescript/lib/lib.dom.d.ts","/home/christian/.emacs.d/.cache/lsp/npm/typescript/lib/node_modules/typescript/lib/lib.dom.iterable.d.ts","/home/christian/.emacs.d/.cache/lsp/npm/typescript/lib/node_modules/typescript/lib/lib.webworker.importscripts.d.ts","/home/christian/.emacs.d/.cache/lsp/npm/typescript/lib/node_modules/typescript/lib/lib.scripthost.d.ts","/home/christian/.emacs.d/.cache/lsp/npm/typescript/lib/node_modules/typescript/lib/lib.es2015.core.d.ts","/home/christian/.emacs.d/.cache/lsp/npm/typescript/lib/node_modules/typescript/lib/lib.es2015.collection.d.ts","/home/christian/.emacs.d/.cache/lsp/npm/typescript/lib/node_modules/typescript/lib/lib.es2015.generator.d.ts","/home/christian/.emacs.d/.cache/lsp/npm/typescript/lib/node_modules/typescript/lib/lib.es2015.iterable.d.ts","/home/christian/.emacs.d/.cache/lsp/npm/typescript/lib/node_modules/typescript/lib/lib.es2015.promise.d.ts","/home/christian/.emacs.d/.cache/lsp/npm/typescript/lib/node_modules/typescript/lib/lib.es2015.proxy.d.ts","/home/christian/.emacs.d/.cache/lsp/npm/typescript/lib/node_modules/typescript/lib/lib.es2015.reflect.d.ts","/home/christian/.emacs.d/.cache/lsp/npm/typescript/lib/node_modules/typescript/lib/lib.es2015.symbol.d.ts","/home/christian/.emacs.d/.cache/lsp/npm/typescript/lib/node_modules/typescript/lib/lib.es2015.symbol.wellknown.d.ts","/home/christian/.emacs.d/.cache/lsp/npm/typescript/lib/node_modules/typescript/lib/lib.es2016.array.include.d.ts","/home/christian/.emacs.d/.cache/lsp/npm/typescript/lib/node_modules/typescript/lib/lib.es2016.full.d.ts","/home/christian/Projects/fullstack/fullstack2a/src/components/Note.js"],"compilerOptions":{"module":1,"target":3,"jsx":1,"allowJs":true,"allowSyntheticDefaultImports":true,"allowNonTsExtensions":true,"noEmitForJsFiles":true,"maxNodeModuleJsDepth":2},"typeAcquisition":{"enable":true,"include":[],"exclude":[]},"unresolvedImports":[],"projectRootPath":"/home/christian/Projects/fullstack/fullstack2a/src/components","kind":"discover"}
[18:54:00.553] Loaded safelist from types map file '/home/christian/.emacs.d/.cache/lsp/npm/typescript/lib/node_modules/typescript/lib/typesMap.json'
[18:54:00.553] Explicitly included types: []
[18:54:00.554] Inferred typings from unresolved imports: []
[18:54:00.554] Result: {"cachedTypingPaths":[],"newTypingNames":[],"filesToWatch":["/home/christian/Projects/fullstack/fullstack2a/src/components/bower_components","/home/christian/Projects/fullstack/fullstack2a/src/components/node_modules"]}
[18:54:00.554] Finished typings discovery: {"cachedTypingPaths":[],"newTypingNames":[],"filesToWatch":["/home/christian/Projects/fullstack/fullstack2a/src/components/bower_components","/home/christian/Projects/fullstack/fullstack2a/src/components/node_modules"]}
[18:54:00.554] DirectoryWatcher:: Added:: WatchInfo: /home/christian/Projects/fullstack/fullstack2a/src/components/bower_components
[18:54:00.554] DirectoryWatcher:: Added:: WatchInfo: /home/christian/Projects/fullstack/fullstack2a/src/components/bower_components 1 undefined Project: /dev/null/inferredProject1* watcher already invoked: false
[18:54:00.555] Elapsed:: 1.0447309985756874ms DirectoryWatcher:: Added:: WatchInfo: /home/christian/Projects/fullstack/fullstack2a/src/components/bower_components 1 undefined Project: /dev/null/inferredProject1* watcher already invoked: false
[18:54:00.556] DirectoryWatcher:: Added:: WatchInfo: /home/christian/Projects/fullstack/fullstack2a/src/components/node_modules
[18:54:00.556] DirectoryWatcher:: Added:: WatchInfo: /home/christian/Projects/fullstack/fullstack2a/src/components/node_modules 1 undefined Project: /dev/null/inferredProject1* watcher already invoked: false
[18:54:00.556] Elapsed:: 0.07296300306916237ms DirectoryWatcher:: Added:: WatchInfo: /home/christian/Projects/fullstack/fullstack2a/src/components/node_modules 1 undefined Project: /dev/null/inferredProject1* watcher already invoked: false
[18:54:00.556] Sending response:
    {"projectName":"/dev/null/inferredProject1*","typeAcquisition":{"enable":true,"include":[],"exclude":[]},"compilerOptions":{"module":1,"target":3,"jsx":1,"allowJs":true,"allowSyntheticDefaultImports":true,"allowNonTsExtensions":true,"noEmitForJsFiles":true,"maxNodeModuleJsDepth":2},"typings":[],"unresolvedImports":[],"kind":"action::set"}
[18:54:00.556] Response has been sent.
[18:54:00.556] No new typings were requested as a result of typings discovery
[19:06:12.868] Got install request {"projectName":"/dev/null/inferredProject2*","fileNames":["/home/christian/.emacs.d/.cache/lsp/npm/typescript/lib/node_modules/typescript/lib/lib.es5.d.ts","/home/christian/.emacs.d/.cache/lsp/npm/typescript/lib/node_modules/typescript/lib/lib.es2015.d.ts","/home/christian/.emacs.d/.cache/lsp/npm/typescript/lib/node_modules/typescript/lib/lib.es2016.d.ts","/home/christian/.emacs.d/.cache/lsp/npm/typescript/lib/node_modules/typescript/lib/lib.dom.d.ts","/home/christian/.emacs.d/.cache/lsp/npm/typescript/lib/node_modules/typescript/lib/lib.dom.iterable.d.ts","/home/christian/.emacs.d/.cache/lsp/npm/typescript/lib/node_modules/typescript/lib/lib.webworker.importscripts.d.ts","/home/christian/.emacs.d/.cache/lsp/npm/typescript/lib/node_modules/typescript/lib/lib.scripthost.d.ts","/home/christian/.emacs.d/.cache/lsp/npm/typescript/lib/node_modules/typescript/lib/lib.es2015.core.d.ts","/home/christian/.emacs.d/.cache/lsp/npm/typescript/lib/node_modules/typescript/lib/lib.es2015.collection.d.ts","/home/christian/.emacs.d/.cache/lsp/npm/typescript/lib/node_modules/typescript/lib/lib.es2015.generator.d.ts","/home/christian/.emacs.d/.cache/lsp/npm/typescript/lib/node_modules/typescript/lib/lib.es2015.iterable.d.ts","/home/christian/.emacs.d/.cache/lsp/npm/typescript/lib/node_modules/typescript/lib/lib.es2015.promise.d.ts","/home/christian/.emacs.d/.cache/lsp/npm/typescript/lib/node_modules/typescript/lib/lib.es2015.proxy.d.ts","/home/christian/.emacs.d/.cache/lsp/npm/typescript/lib/node_modules/typescript/lib/lib.es2015.reflect.d.ts","/home/christian/.emacs.d/.cache/lsp/npm/typescript/lib/node_modules/typescript/lib/lib.es2015.symbol.d.ts","/home/christian/.emacs.d/.cache/lsp/npm/typescript/lib/node_modules/typescript/lib/lib.es2015.symbol.wellknown.d.ts","/home/christian/.emacs.d/.cache/lsp/npm/typescript/lib/node_modules/typescript/lib/lib.es2016.array.include.d.ts","/home/christian/.emacs.d/.cache/lsp/npm/typescript/lib/node_modules/typescript/lib/lib.es2016.full.d.ts","/home/christian/Projects/fullstack/fullstack2a/src/services/notes.js"],"compilerOptions":{"module":1,"target":3,"jsx":1,"allowJs":true,"allowSyntheticDefaultImports":true,"allowNonTsExtensions":true,"noEmitForJsFiles":true,"maxNodeModuleJsDepth":2},"typeAcquisition":{"enable":true,"include":[],"exclude":[]},"unresolvedImports":[],"projectRootPath":"/home/christian/Projects/fullstack/fullstack2a/src/services","kind":"discover"}
[19:06:12.869] Explicitly included types: []
[19:06:12.869] Inferred typings from unresolved imports: []
[19:06:12.869] Result: {"cachedTypingPaths":[],"newTypingNames":[],"filesToWatch":["/home/christian/Projects/fullstack/fullstack2a/src/services/bower_components","/home/christian/Projects/fullstack/fullstack2a/src/services/node_modules"]}
[19:06:12.869] Finished typings discovery: {"cachedTypingPaths":[],"newTypingNames":[],"filesToWatch":["/home/christian/Projects/fullstack/fullstack2a/src/services/bower_components","/home/christian/Projects/fullstack/fullstack2a/src/services/node_modules"]}
[19:06:12.869] DirectoryWatcher:: Added:: WatchInfo: /home/christian/Projects/fullstack/fullstack2a/src/services/bower_components
[19:06:12.869] DirectoryWatcher:: Added:: WatchInfo: /home/christian/Projects/fullstack/fullstack2a/src/services/bower_components 1 undefined Project: /dev/null/inferredProject2* watcher already invoked: false
[19:06:12.869] Elapsed:: 0.0851840004324913ms DirectoryWatcher:: Added:: WatchInfo: /home/christian/Projects/fullstack/fullstack2a/src/services/bower_components 1 undefined Project: /dev/null/inferredProject2* watcher already invoked: false
[19:06:12.869] DirectoryWatcher:: Added:: WatchInfo: /home/christian/Projects/fullstack/fullstack2a/src/services/node_modules
[19:06:12.869] DirectoryWatcher:: Added:: WatchInfo: /home/christian/Projects/fullstack/fullstack2a/src/services/node_modules 1 undefined Project: /dev/null/inferredProject2* watcher already invoked: false
[19:06:12.869] Elapsed:: 0.06271499767899513ms DirectoryWatcher:: Added:: WatchInfo: /home/christian/Projects/fullstack/fullstack2a/src/services/node_modules 1 undefined Project: /dev/null/inferredProject2* watcher already invoked: false
[19:06:12.869] Sending response:
    {"projectName":"/dev/null/inferredProject2*","typeAcquisition":{"enable":true,"include":[],"exclude":[]},"compilerOptions":{"module":1,"target":3,"jsx":1,"allowJs":true,"allowSyntheticDefaultImports":true,"allowNonTsExtensions":true,"noEmitForJsFiles":true,"maxNodeModuleJsDepth":2},"typings":[],"unresolvedImports":[],"kind":"action::set"}
[19:06:12.869] Response has been sent.
[19:06:12.869] No new typings were requested as a result of typings discovery
[19:06:18.348] Got install request {"projectName":"/dev/null/inferredProject2*","fileNames":["/home/christian/.emacs.d/.cache/lsp/npm/typescript/lib/node_modules/typescript/lib/lib.es5.d.ts","/home/christian/.emacs.d/.cache/lsp/npm/typescript/lib/node_modules/typescript/lib/lib.es2015.d.ts","/home/christian/.emacs.d/.cache/lsp/npm/typescript/lib/node_modules/typescript/lib/lib.es2016.d.ts","/home/christian/.emacs.d/.cache/lsp/npm/typescript/lib/node_modules/typescript/lib/lib.dom.d.ts","/home/christian/.emacs.d/.cache/lsp/npm/typescript/lib/node_modules/typescript/lib/lib.dom.iterable.d.ts","/home/christian/.emacs.d/.cache/lsp/npm/typescript/lib/node_modules/typescript/lib/lib.webworker.importscripts.d.ts","/home/christian/.emacs.d/.cache/lsp/npm/typescript/lib/node_modules/typescript/lib/lib.scripthost.d.ts","/home/christian/.emacs.d/.cache/lsp/npm/typescript/lib/node_modules/typescript/lib/lib.es2015.core.d.ts","/home/christian/.emacs.d/.cache/lsp/npm/typescript/lib/node_modules/typescript/lib/lib.es2015.collection.d.ts","/home/christian/.emacs.d/.cache/lsp/npm/typescript/lib/node_modules/typescript/lib/lib.es2015.generator.d.ts","/home/christian/.emacs.d/.cache/lsp/npm/typescript/lib/node_modules/typescript/lib/lib.es2015.iterable.d.ts","/home/christian/.emacs.d/.cache/lsp/npm/typescript/lib/node_modules/typescript/lib/lib.es2015.promise.d.ts","/home/christian/.emacs.d/.cache/lsp/npm/typescript/lib/node_modules/typescript/lib/lib.es2015.proxy.d.ts","/home/christian/.emacs.d/.cache/lsp/npm/typescript/lib/node_modules/typescript/lib/lib.es2015.reflect.d.ts","/home/christian/.emacs.d/.cache/lsp/npm/typescript/lib/node_modules/typescript/lib/lib.es2015.symbol.d.ts","/home/christian/.emacs.d/.cache/lsp/npm/typescript/lib/node_modules/typescript/lib/lib.es2015.symbol.wellknown.d.ts","/home/christian/.emacs.d/.cache/lsp/npm/typescript/lib/node_modules/typescript/lib/lib.es2016.array.include.d.ts","/home/christian/.emacs.d/.cache/lsp/npm/typescript/lib/node_modules/typescript/lib/lib.es2016.full.d.ts","/home/christian/Projects/fullstack/fullstack2a/src/services/notes.js"],"compilerOptions":{"module":1,"target":3,"jsx":1,"allowJs":true,"allowSyntheticDefaultImports":true,"allowNonTsExtensions":true,"noEmitForJsFiles":true,"maxNodeModuleJsDepth":2},"typeAcquisition":{"enable":true,"include":[],"exclude":[]},"unresolvedImports":[],"projectRootPath":"/home/christian/Projects/fullstack/fullstack2a/src/services","kind":"discover"}
[19:06:18.349] Explicitly included types: []
[19:06:18.349] Inferred typings from unresolved imports: []
[19:06:18.349] Result: {"cachedTypingPaths":[],"newTypingNames":[],"filesToWatch":["/home/christian/Projects/fullstack/fullstack2a/src/services/bower_components","/home/christian/Projects/fullstack/fullstack2a/src/services/node_modules"]}
[19:06:18.349] Finished typings discovery: {"cachedTypingPaths":[],"newTypingNames":[],"filesToWatch":["/home/christian/Projects/fullstack/fullstack2a/src/services/bower_components","/home/christian/Projects/fullstack/fullstack2a/src/services/node_modules"]}
[19:06:18.350] Sending response:
    {"projectName":"/dev/null/inferredProject2*","typeAcquisition":{"enable":true,"include":[],"exclude":[]},"compilerOptions":{"module":1,"target":3,"jsx":1,"allowJs":true,"allowSyntheticDefaultImports":true,"allowNonTsExtensions":true,"noEmitForJsFiles":true,"maxNodeModuleJsDepth":2},"typings":[],"unresolvedImports":[],"kind":"action::set"}
[19:06:18.350] Response has been sent.
[19:06:18.350] No new typings were requested as a result of typings discovery
[19:43:09.270] Got install request {"projectName":"/dev/null/inferredProject3*","fileNames":["/home/christian/.emacs.d/.cache/lsp/npm/typescript/lib/node_modules/typescript/lib/lib.es5.d.ts","/home/christian/.emacs.d/.cache/lsp/npm/typescript/lib/node_modules/typescript/lib/lib.es2015.d.ts","/home/christian/.emacs.d/.cache/lsp/npm/typescript/lib/node_modules/typescript/lib/lib.es2016.d.ts","/home/christian/.emacs.d/.cache/lsp/npm/typescript/lib/node_modules/typescript/lib/lib.dom.d.ts","/home/christian/.emacs.d/.cache/lsp/npm/typescript/lib/node_modules/typescript/lib/lib.dom.iterable.d.ts","/home/christian/.emacs.d/.cache/lsp/npm/typescript/lib/node_modules/typescript/lib/lib.webworker.importscripts.d.ts","/home/christian/.emacs.d/.cache/lsp/npm/typescript/lib/node_modules/typescript/lib/lib.scripthost.d.ts","/home/christian/.emacs.d/.cache/lsp/npm/typescript/lib/node_modules/typescript/lib/lib.es2015.core.d.ts","/home/christian/.emacs.d/.cache/lsp/npm/typescript/lib/node_modules/typescript/lib/lib.es2015.collection.d.ts","/home/christian/.emacs.d/.cache/lsp/npm/typescript/lib/node_modules/typescript/lib/lib.es2015.generator.d.ts","/home/christian/.emacs.d/.cache/lsp/npm/typescript/lib/node_modules/typescript/lib/lib.es2015.iterable.d.ts","/home/christian/.emacs.d/.cache/lsp/npm/typescript/lib/node_modules/typescript/lib/lib.es2015.promise.d.ts","/home/christian/.emacs.d/.cache/lsp/npm/typescript/lib/node_modules/typescript/lib/lib.es2015.proxy.d.ts","/home/christian/.emacs.d/.cache/lsp/npm/typescript/lib/node_modules/typescript/lib/lib.es2015.reflect.d.ts","/home/christian/.emacs.d/.cache/lsp/npm/typescript/lib/node_modules/typescript/lib/lib.es2015.symbol.d.ts","/home/christian/.emacs.d/.cache/lsp/npm/typescript/lib/node_modules/typescript/lib/lib.es2015.symbol.wellknown.d.ts","/home/christian/.emacs.d/.cache/lsp/npm/typescript/lib/node_modules/typescript/lib/lib.es2016.array.include.d.ts","/home/christian/.emacs.d/.cache/lsp/npm/typescript/lib/node_modules/typescript/lib/lib.es2016.full.d.ts","/home/christian/Projects/fullstack/fullstack2a/src/components/Note.js","/home/christian/Projects/fullstack/fullstack2a/src/services/notes.js","/home/christian/Projects/fullstack/fullstack2a/src/App.js"],"compilerOptions":{"module":1,"target":3,"jsx":1,"allowJs":true,"allowSyntheticDefaultImports":true,"allowNonTsExtensions":true,"noEmitForJsFiles":true,"maxNodeModuleJsDepth":2},"typeAcquisition":{"enable":true,"include":[],"exclude":[]},"unresolvedImports":[],"projectRootPath":"/home/christian/Projects/fullstack/fullstack2a/src","kind":"discover"}
[19:43:09.270] Explicitly included types: []
[19:43:09.270] Inferred typings from unresolved imports: []
[19:43:09.270] Result: {"cachedTypingPaths":[],"newTypingNames":[],"filesToWatch":["/home/christian/Projects/fullstack/fullstack2a/src/components/bower_components","/home/christian/Projects/fullstack/fullstack2a/src/components/node_modules","/home/christian/Projects/fullstack/fullstack2a/src/services/bower_components","/home/christian/Projects/fullstack/fullstack2a/src/services/node_modules","/home/christian/Projects/fullstack/fullstack2a/src/bower_components","/home/christian/Projects/fullstack/fullstack2a/src/node_modules"]}
[19:43:09.270] Finished typings discovery: {"cachedTypingPaths":[],"newTypingNames":[],"filesToWatch":["/home/christian/Projects/fullstack/fullstack2a/src/components/bower_components","/home/christian/Projects/fullstack/fullstack2a/src/components/node_modules","/home/christian/Projects/fullstack/fullstack2a/src/services/bower_components","/home/christian/Projects/fullstack/fullstack2a/src/services/node_modules","/home/christian/Projects/fullstack/fullstack2a/src/bower_components","/home/christian/Projects/fullstack/fullstack2a/src/node_modules"]}
[19:43:09.270] DirectoryWatcher:: Added:: WatchInfo: /home/christian/Projects/fullstack/fullstack2a/src/components
[19:43:09.270] DirectoryWatcher:: Added:: WatchInfo: /home/christian/Projects/fullstack/fullstack2a/src/components 1 undefined Project: /dev/null/inferredProject3* watcher already invoked: false
[19:43:09.271] Elapsed:: 0.6221400015056133ms DirectoryWatcher:: Added:: WatchInfo: /home/christian/Projects/fullstack/fullstack2a/src/components 1 undefined Project: /dev/null/inferredProject3* watcher already invoked: false
[19:43:09.271] DirectoryWatcher:: Added:: WatchInfo: /home/christian/Projects/fullstack/fullstack2a/src/services
[19:43:09.271] DirectoryWatcher:: Added:: WatchInfo: /home/christian/Projects/fullstack/fullstack2a/src/services 1 undefined Project: /dev/null/inferredProject3* watcher already invoked: false
[19:43:09.271] Elapsed:: 0.09150899946689606ms DirectoryWatcher:: Added:: WatchInfo: /home/christian/Projects/fullstack/fullstack2a/src/services 1 undefined Project: /dev/null/inferredProject3* watcher already invoked: false
[19:43:09.271] DirectoryWatcher:: Added:: WatchInfo: /home/christian/Projects/fullstack/fullstack2a/src/bower_components
[19:43:09.271] DirectoryWatcher:: Added:: WatchInfo: /home/christian/Projects/fullstack/fullstack2a/src/bower_components 1 undefined Project: /dev/null/inferredProject3* watcher already invoked: false
[19:43:09.271] Elapsed:: 0.08324000239372253ms DirectoryWatcher:: Added:: WatchInfo: /home/christian/Projects/fullstack/fullstack2a/src/bower_components 1 undefined Project: /dev/null/inferredProject3* watcher already invoked: false
[19:43:09.271] DirectoryWatcher:: Added:: WatchInfo: /home/christian/Projects/fullstack/fullstack2a/src/node_modules
[19:43:09.271] DirectoryWatcher:: Added:: WatchInfo: /home/christian/Projects/fullstack/fullstack2a/src/node_modules 1 undefined Project: /dev/null/inferredProject3* watcher already invoked: false
[19:43:09.271] Elapsed:: 0.06794499978423119ms DirectoryWatcher:: Added:: WatchInfo: /home/christian/Projects/fullstack/fullstack2a/src/node_modules 1 undefined Project: /dev/null/inferredProject3* watcher already invoked: false
[19:43:09.271] Sending response:
    {"projectName":"/dev/null/inferredProject3*","typeAcquisition":{"enable":true,"include":[],"exclude":[]},"compilerOptions":{"module":1,"target":3,"jsx":1,"allowJs":true,"allowSyntheticDefaultImports":true,"allowNonTsExtensions":true,"noEmitForJsFiles":true,"maxNodeModuleJsDepth":2},"typings":[],"unresolvedImports":[],"kind":"action::set"}
[19:43:09.271] Response has been sent.
[19:43:09.271] No new typings were requested as a result of typings discovery
