[19:53:13.084] Global cache location '/home/christian/.cache/typescript/4.5', safe file path '/home/christian/.emacs.d/.cache/lsp/npm/typescript/lib/node_modules/typescript/lib/typingSafeList.json', types map path /home/christian/.emacs.d/.cache/lsp/npm/typescript/lib/node_modules/typescript/lib/typesMap.json
[19:53:13.084] Processing cache location '/home/christian/.cache/typescript/4.5'
[19:53:13.084] Trying to find '/home/christian/.cache/typescript/4.5/package.json'...
[19:53:13.085] Loaded content of '/home/christian/.cache/typescript/4.5/package.json': {"private":true,"dependencies":{"types-registry":"^0.1.576"},"devDependencies":{"@types/object-assign":"^4.0.30","@types/react":"^17.0.38"}}
[19:53:13.085] Loaded content of '/home/christian/.cache/typescript/4.5/package-lock.json'
[19:53:13.091] Adding entry into typings cache: 'object-assign' => '/home/christian/.cache/typescript/4.5/node_modules/@types/object-assign/index.d.ts'
[19:53:13.096] Adding entry into typings cache: 'react' => '/home/christian/.cache/typescript/4.5/node_modules/@types/react/index.d.ts'
[19:53:13.096] Finished processing cache location '/home/christian/.cache/typescript/4.5'
[19:53:13.096] Process id: 10594
[19:53:13.096] NPM location: /usr/local/bin/npm (explicit '--npmLocation' not  provided)
[19:53:13.096] validateDefaultNpmLocation: false
[19:53:13.096] Npm config file: /home/christian/.cache/typescript/4.5/package.json
[19:53:13.097] Updating types-registry npm package...
[19:53:13.097] Exec: /usr/local/bin/npm install --ignore-scripts types-registry@latest
[19:53:13.756]     Succeeded. stdout:
    
    up to date, audited 7 packages in 567ms

found 0 vulnerabilities

[19:53:13.756] Updated types-registry npm package
[19:53:14.793] Got install request {"projectName":"/dev/null/inferredProject1*","fileNames":["/home/christian/.emacs.d/.cache/lsp/npm/typescript/lib/node_modules/typescript/lib/lib.es5.d.ts","/home/christian/.emacs.d/.cache/lsp/npm/typescript/lib/node_modules/typescript/lib/lib.es2015.d.ts","/home/christian/.emacs.d/.cache/lsp/npm/typescript/lib/node_modules/typescript/lib/lib.es2016.d.ts","/home/christian/.emacs.d/.cache/lsp/npm/typescript/lib/node_modules/typescript/lib/lib.dom.d.ts","/home/christian/.emacs.d/.cache/lsp/npm/typescript/lib/node_modules/typescript/lib/lib.dom.iterable.d.ts","/home/christian/.emacs.d/.cache/lsp/npm/typescript/lib/node_modules/typescript/lib/lib.webworker.importscripts.d.ts","/home/christian/.emacs.d/.cache/lsp/npm/typescript/lib/node_modules/typescript/lib/lib.scripthost.d.ts","/home/christian/.emacs.d/.cache/lsp/npm/typescript/lib/node_modules/typescript/lib/lib.es2015.core.d.ts","/home/christian/.emacs.d/.cache/lsp/npm/typescript/lib/node_modules/typescript/lib/lib.es2015.collection.d.ts","/home/christian/.emacs.d/.cache/lsp/npm/typescript/lib/node_modules/typescript/lib/lib.es2015.generator.d.ts","/home/christian/.emacs.d/.cache/lsp/npm/typescript/lib/node_modules/typescript/lib/lib.es2015.iterable.d.ts","/home/christian/.emacs.d/.cache/lsp/npm/typescript/lib/node_modules/typescript/lib/lib.es2015.promise.d.ts","/home/christian/.emacs.d/.cache/lsp/npm/typescript/lib/node_modules/typescript/lib/lib.es2015.proxy.d.ts","/home/christian/.emacs.d/.cache/lsp/npm/typescript/lib/node_modules/typescript/lib/lib.es2015.reflect.d.ts","/home/christian/.emacs.d/.cache/lsp/npm/typescript/lib/node_modules/typescript/lib/lib.es2015.symbol.d.ts","/home/christian/.emacs.d/.cache/lsp/npm/typescript/lib/node_modules/typescript/lib/lib.es2015.symbol.wellknown.d.ts","/home/christian/.emacs.d/.cache/lsp/npm/typescript/lib/node_modules/typescript/lib/lib.es2016.array.include.d.ts","/home/christian/.emacs.d/.cache/lsp/npm/typescript/lib/node_modules/typescript/lib/lib.es2016.full.d.ts","/home/christian/Projects/fullstack/phonebook/src/App.js"],"compilerOptions":{"module":1,"target":3,"jsx":1,"allowJs":true,"allowSyntheticDefaultImports":true,"allowNonTsExtensions":true,"noEmitForJsFiles":true,"maxNodeModuleJsDepth":2},"typeAcquisition":{"enable":true,"include":[],"exclude":[]},"unresolvedImports":[],"projectRootPath":"/home/christian/Projects/fullstack/phonebook/src","kind":"discover"}
[19:53:14.805] Loaded safelist from types map file '/home/christian/.emacs.d/.cache/lsp/npm/typescript/lib/node_modules/typescript/lib/typesMap.json'
[19:53:14.806] Explicitly included types: []
[19:53:14.806] Inferred typings from unresolved imports: []
[19:53:14.806] Result: {"cachedTypingPaths":[],"newTypingNames":[],"filesToWatch":["/home/christian/Projects/fullstack/phonebook/src/bower_components","/home/christian/Projects/fullstack/phonebook/src/node_modules"]}
[19:53:14.806] Finished typings discovery: {"cachedTypingPaths":[],"newTypingNames":[],"filesToWatch":["/home/christian/Projects/fullstack/phonebook/src/bower_components","/home/christian/Projects/fullstack/phonebook/src/node_modules"]}
[19:53:14.806] DirectoryWatcher:: Added:: WatchInfo: /home/christian/Projects/fullstack/phonebook/src/bower_components
[19:53:14.807] DirectoryWatcher:: Added:: WatchInfo: /home/christian/Projects/fullstack/phonebook/src/bower_components 1 undefined Project: /dev/null/inferredProject1* watcher already invoked: false
[19:53:14.808] Elapsed:: 1.0488239973783493ms DirectoryWatcher:: Added:: WatchInfo: /home/christian/Projects/fullstack/phonebook/src/bower_components 1 undefined Project: /dev/null/inferredProject1* watcher already invoked: false
[19:53:14.808] DirectoryWatcher:: Added:: WatchInfo: /home/christian/Projects/fullstack/phonebook/src/node_modules
[19:53:14.808] DirectoryWatcher:: Added:: WatchInfo: /home/christian/Projects/fullstack/phonebook/src/node_modules 1 undefined Project: /dev/null/inferredProject1* watcher already invoked: false
[19:53:14.808] Elapsed:: 0.06788600236177444ms DirectoryWatcher:: Added:: WatchInfo: /home/christian/Projects/fullstack/phonebook/src/node_modules 1 undefined Project: /dev/null/inferredProject1* watcher already invoked: false
[19:53:14.808] Sending response:
    {"projectName":"/dev/null/inferredProject1*","typeAcquisition":{"enable":true,"include":[],"exclude":[]},"compilerOptions":{"module":1,"target":3,"jsx":1,"allowJs":true,"allowSyntheticDefaultImports":true,"allowNonTsExtensions":true,"noEmitForJsFiles":true,"maxNodeModuleJsDepth":2},"typings":[],"unresolvedImports":[],"kind":"action::set"}
[19:53:14.808] Response has been sent.
[19:53:14.808] No new typings were requested as a result of typings discovery
[20:16:47.007] Got install request {"projectName":"/dev/null/inferredProject1*","fileNames":["/home/christian/.emacs.d/.cache/lsp/npm/typescript/lib/node_modules/typescript/lib/lib.es5.d.ts","/home/christian/.emacs.d/.cache/lsp/npm/typescript/lib/node_modules/typescript/lib/lib.es2015.d.ts","/home/christian/.emacs.d/.cache/lsp/npm/typescript/lib/node_modules/typescript/lib/lib.es2016.d.ts","/home/christian/.emacs.d/.cache/lsp/npm/typescript/lib/node_modules/typescript/lib/lib.dom.d.ts","/home/christian/.emacs.d/.cache/lsp/npm/typescript/lib/node_modules/typescript/lib/lib.dom.iterable.d.ts","/home/christian/.emacs.d/.cache/lsp/npm/typescript/lib/node_modules/typescript/lib/lib.webworker.importscripts.d.ts","/home/christian/.emacs.d/.cache/lsp/npm/typescript/lib/node_modules/typescript/lib/lib.scripthost.d.ts","/home/christian/.emacs.d/.cache/lsp/npm/typescript/lib/node_modules/typescript/lib/lib.es2015.core.d.ts","/home/christian/.emacs.d/.cache/lsp/npm/typescript/lib/node_modules/typescript/lib/lib.es2015.collection.d.ts","/home/christian/.emacs.d/.cache/lsp/npm/typescript/lib/node_modules/typescript/lib/lib.es2015.generator.d.ts","/home/christian/.emacs.d/.cache/lsp/npm/typescript/lib/node_modules/typescript/lib/lib.es2015.iterable.d.ts","/home/christian/.emacs.d/.cache/lsp/npm/typescript/lib/node_modules/typescript/lib/lib.es2015.promise.d.ts","/home/christian/.emacs.d/.cache/lsp/npm/typescript/lib/node_modules/typescript/lib/lib.es2015.proxy.d.ts","/home/christian/.emacs.d/.cache/lsp/npm/typescript/lib/node_modules/typescript/lib/lib.es2015.reflect.d.ts","/home/christian/.emacs.d/.cache/lsp/npm/typescript/lib/node_modules/typescript/lib/lib.es2015.symbol.d.ts","/home/christian/.emacs.d/.cache/lsp/npm/typescript/lib/node_modules/typescript/lib/lib.es2015.symbol.wellknown.d.ts","/home/christian/.emacs.d/.cache/lsp/npm/typescript/lib/node_modules/typescript/lib/lib.es2016.array.include.d.ts","/home/christian/.emacs.d/.cache/lsp/npm/typescript/lib/node_modules/typescript/lib/lib.es2016.full.d.ts","/home/christian/Projects/fullstack/phonebook/src/App.js"],"compilerOptions":{"module":1,"target":3,"jsx":1,"allowJs":true,"allowSyntheticDefaultImports":true,"allowNonTsExtensions":true,"noEmitForJsFiles":true,"maxNodeModuleJsDepth":2},"typeAcquisition":{"enable":true,"include":[],"exclude":[]},"unresolvedImports":[],"projectRootPath":"/home/christian/Projects/fullstack/phonebook/src","kind":"discover"}
[20:16:47.007] Explicitly included types: []
[20:16:47.008] Inferred typings from unresolved imports: []
[20:16:47.008] Result: {"cachedTypingPaths":[],"newTypingNames":[],"filesToWatch":["/home/christian/Projects/fullstack/phonebook/src/bower_components","/home/christian/Projects/fullstack/phonebook/src/node_modules"]}
[20:16:47.008] Finished typings discovery: {"cachedTypingPaths":[],"newTypingNames":[],"filesToWatch":["/home/christian/Projects/fullstack/phonebook/src/bower_components","/home/christian/Projects/fullstack/phonebook/src/node_modules"]}
[20:16:47.008] Sending response:
    {"projectName":"/dev/null/inferredProject1*","typeAcquisition":{"enable":true,"include":[],"exclude":[]},"compilerOptions":{"module":1,"target":3,"jsx":1,"allowJs":true,"allowSyntheticDefaultImports":true,"allowNonTsExtensions":true,"noEmitForJsFiles":true,"maxNodeModuleJsDepth":2},"typings":[],"unresolvedImports":[],"kind":"action::set"}
[20:16:47.008] Response has been sent.
[20:16:47.008] No new typings were requested as a result of typings discovery
