[20:17:20.479] Global cache location '/home/christian/.cache/typescript/4.5', safe file path '/home/christian/.emacs.d/.cache/lsp/npm/typescript/lib/node_modules/typescript/lib/typingSafeList.json', types map path /home/christian/.emacs.d/.cache/lsp/npm/typescript/lib/node_modules/typescript/lib/typesMap.json
[20:17:20.479] Processing cache location '/home/christian/.cache/typescript/4.5'
[20:17:20.479] Trying to find '/home/christian/.cache/typescript/4.5/package.json'...
[20:17:20.480] Loaded content of '/home/christian/.cache/typescript/4.5/package.json': {"private":true,"dependencies":{"types-registry":"^0.1.576"},"devDependencies":{"@types/object-assign":"^4.0.30","@types/react":"^17.0.38"}}
[20:17:20.480] Loaded content of '/home/christian/.cache/typescript/4.5/package-lock.json'
[20:17:20.486] Adding entry into typings cache: 'object-assign' => '/home/christian/.cache/typescript/4.5/node_modules/@types/object-assign/index.d.ts'
[20:17:20.490] Adding entry into typings cache: 'react' => '/home/christian/.cache/typescript/4.5/node_modules/@types/react/index.d.ts'
[20:17:20.491] Finished processing cache location '/home/christian/.cache/typescript/4.5'
[20:17:20.491] Process id: 11446
[20:17:20.491] NPM location: /usr/local/bin/npm (explicit '--npmLocation' not  provided)
[20:17:20.491] validateDefaultNpmLocation: false
[20:17:20.491] Npm config file: /home/christian/.cache/typescript/4.5/package.json
[20:17:20.491] Updating types-registry npm package...
[20:17:20.491] Exec: /usr/local/bin/npm install --ignore-scripts types-registry@latest
[20:17:21.148]     Succeeded. stdout:
    
    up to date, audited 7 packages in 564ms

found 0 vulnerabilities

[20:17:21.148] Updated types-registry npm package
[20:17:22.186] Got install request {"projectName":"/dev/null/inferredProject1*","fileNames":["/home/christian/.emacs.d/.cache/lsp/npm/typescript/lib/node_modules/typescript/lib/lib.es5.d.ts","/home/christian/.emacs.d/.cache/lsp/npm/typescript/lib/node_modules/typescript/lib/lib.es2015.d.ts","/home/christian/.emacs.d/.cache/lsp/npm/typescript/lib/node_modules/typescript/lib/lib.es2016.d.ts","/home/christian/.emacs.d/.cache/lsp/npm/typescript/lib/node_modules/typescript/lib/lib.dom.d.ts","/home/christian/.emacs.d/.cache/lsp/npm/typescript/lib/node_modules/typescript/lib/lib.dom.iterable.d.ts","/home/christian/.emacs.d/.cache/lsp/npm/typescript/lib/node_modules/typescript/lib/lib.webworker.importscripts.d.ts","/home/christian/.emacs.d/.cache/lsp/npm/typescript/lib/node_modules/typescript/lib/lib.scripthost.d.ts","/home/christian/.emacs.d/.cache/lsp/npm/typescript/lib/node_modules/typescript/lib/lib.es2015.core.d.ts","/home/christian/.emacs.d/.cache/lsp/npm/typescript/lib/node_modules/typescript/lib/lib.es2015.collection.d.ts","/home/christian/.emacs.d/.cache/lsp/npm/typescript/lib/node_modules/typescript/lib/lib.es2015.generator.d.ts","/home/christian/.emacs.d/.cache/lsp/npm/typescript/lib/node_modules/typescript/lib/lib.es2015.iterable.d.ts","/home/christian/.emacs.d/.cache/lsp/npm/typescript/lib/node_modules/typescript/lib/lib.es2015.promise.d.ts","/home/christian/.emacs.d/.cache/lsp/npm/typescript/lib/node_modules/typescript/lib/lib.es2015.proxy.d.ts","/home/christian/.emacs.d/.cache/lsp/npm/typescript/lib/node_modules/typescript/lib/lib.es2015.reflect.d.ts","/home/christian/.emacs.d/.cache/lsp/npm/typescript/lib/node_modules/typescript/lib/lib.es2015.symbol.d.ts","/home/christian/.emacs.d/.cache/lsp/npm/typescript/lib/node_modules/typescript/lib/lib.es2015.symbol.wellknown.d.ts","/home/christian/.emacs.d/.cache/lsp/npm/typescript/lib/node_modules/typescript/lib/lib.es2016.array.include.d.ts","/home/christian/.emacs.d/.cache/lsp/npm/typescript/lib/node_modules/typescript/lib/lib.es2016.full.d.ts","/home/christian/Projects/fullstack/phonebook/src/App.js"],"compilerOptions":{"module":1,"target":3,"jsx":1,"allowJs":true,"allowSyntheticDefaultImports":true,"allowNonTsExtensions":true,"noEmitForJsFiles":true,"maxNodeModuleJsDepth":2},"typeAcquisition":{"enable":true,"include":[],"exclude":[]},"unresolvedImports":[],"projectRootPath":"/home/christian/Projects/fullstack/phonebook/src","kind":"discover"}
[20:17:22.196] Loaded safelist from types map file '/home/christian/.emacs.d/.cache/lsp/npm/typescript/lib/node_modules/typescript/lib/typesMap.json'
[20:17:22.196] Explicitly included types: []
[20:17:22.197] Inferred typings from unresolved imports: []
[20:17:22.197] Result: {"cachedTypingPaths":[],"newTypingNames":[],"filesToWatch":["/home/christian/Projects/fullstack/phonebook/src/bower_components","/home/christian/Projects/fullstack/phonebook/src/node_modules"]}
[20:17:22.197] Finished typings discovery: {"cachedTypingPaths":[],"newTypingNames":[],"filesToWatch":["/home/christian/Projects/fullstack/phonebook/src/bower_components","/home/christian/Projects/fullstack/phonebook/src/node_modules"]}
[20:17:22.197] DirectoryWatcher:: Added:: WatchInfo: /home/christian/Projects/fullstack/phonebook/src/bower_components
[20:17:22.197] DirectoryWatcher:: Added:: WatchInfo: /home/christian/Projects/fullstack/phonebook/src/bower_components 1 undefined Project: /dev/null/inferredProject1* watcher already invoked: false
[20:17:22.199] Elapsed:: 1.1314660012722015ms DirectoryWatcher:: Added:: WatchInfo: /home/christian/Projects/fullstack/phonebook/src/bower_components 1 undefined Project: /dev/null/inferredProject1* watcher already invoked: false
[20:17:22.199] DirectoryWatcher:: Added:: WatchInfo: /home/christian/Projects/fullstack/phonebook/src/node_modules
[20:17:22.199] DirectoryWatcher:: Added:: WatchInfo: /home/christian/Projects/fullstack/phonebook/src/node_modules 1 undefined Project: /dev/null/inferredProject1* watcher already invoked: false
[20:17:22.199] Elapsed:: 0.07196100056171417ms DirectoryWatcher:: Added:: WatchInfo: /home/christian/Projects/fullstack/phonebook/src/node_modules 1 undefined Project: /dev/null/inferredProject1* watcher already invoked: false
[20:17:22.199] Sending response:
    {"projectName":"/dev/null/inferredProject1*","typeAcquisition":{"enable":true,"include":[],"exclude":[]},"compilerOptions":{"module":1,"target":3,"jsx":1,"allowJs":true,"allowSyntheticDefaultImports":true,"allowNonTsExtensions":true,"noEmitForJsFiles":true,"maxNodeModuleJsDepth":2},"typings":[],"unresolvedImports":[],"kind":"action::set"}
[20:17:22.199] Response has been sent.
[20:17:22.199] No new typings were requested as a result of typings discovery
