[16:54:54.571] Global cache location '/home/christian/.cache/typescript/4.5', safe file path '/home/christian/.emacs.d/.cache/lsp/npm/typescript/lib/node_modules/typescript/lib/typingSafeList.json', types map path /home/christian/.emacs.d/.cache/lsp/npm/typescript/lib/node_modules/typescript/lib/typesMap.json
[16:54:54.572] Processing cache location '/home/christian/.cache/typescript/4.5'
[16:54:54.572] Trying to find '/home/christian/.cache/typescript/4.5/package.json'...
[16:54:54.572] Finished processing cache location '/home/christian/.cache/typescript/4.5'
[16:54:54.572] Process id: 16673
[16:54:54.572] NPM location: /usr/local/bin/npm (explicit '--npmLocation' not  provided)
[16:54:54.572] validateDefaultNpmLocation: false
[16:54:54.572] Npm config file: /home/christian/.cache/typescript/4.5/package.json
[16:54:54.572] Npm config file: '/home/christian/.cache/typescript/4.5/package.json' is missing, creating new one...
[16:54:54.573] Updating types-registry npm package...
[16:54:54.573] Exec: /usr/local/bin/npm install --ignore-scripts types-registry@latest
[16:54:55.301]     Succeeded. stdout:
    
    added 1 package, and audited 2 packages in 637ms

found 0 vulnerabilities

[16:54:55.301] Updated types-registry npm package
[16:54:56.078] Got install request {"projectName":"/dev/null/inferredProject1*","fileNames":["/home/christian/.emacs.d/.cache/lsp/npm/typescript/lib/node_modules/typescript/lib/lib.es5.d.ts","/home/christian/.emacs.d/.cache/lsp/npm/typescript/lib/node_modules/typescript/lib/lib.es2015.d.ts","/home/christian/.emacs.d/.cache/lsp/npm/typescript/lib/node_modules/typescript/lib/lib.es2016.d.ts","/home/christian/.emacs.d/.cache/lsp/npm/typescript/lib/node_modules/typescript/lib/lib.dom.d.ts","/home/christian/.emacs.d/.cache/lsp/npm/typescript/lib/node_modules/typescript/lib/lib.dom.iterable.d.ts","/home/christian/.emacs.d/.cache/lsp/npm/typescript/lib/node_modules/typescript/lib/lib.webworker.importscripts.d.ts","/home/christian/.emacs.d/.cache/lsp/npm/typescript/lib/node_modules/typescript/lib/lib.scripthost.d.ts","/home/christian/.emacs.d/.cache/lsp/npm/typescript/lib/node_modules/typescript/lib/lib.es2015.core.d.ts","/home/christian/.emacs.d/.cache/lsp/npm/typescript/lib/node_modules/typescript/lib/lib.es2015.collection.d.ts","/home/christian/.emacs.d/.cache/lsp/npm/typescript/lib/node_modules/typescript/lib/lib.es2015.generator.d.ts","/home/christian/.emacs.d/.cache/lsp/npm/typescript/lib/node_modules/typescript/lib/lib.es2015.iterable.d.ts","/home/christian/.emacs.d/.cache/lsp/npm/typescript/lib/node_modules/typescript/lib/lib.es2015.promise.d.ts","/home/christian/.emacs.d/.cache/lsp/npm/typescript/lib/node_modules/typescript/lib/lib.es2015.proxy.d.ts","/home/christian/.emacs.d/.cache/lsp/npm/typescript/lib/node_modules/typescript/lib/lib.es2015.reflect.d.ts","/home/christian/.emacs.d/.cache/lsp/npm/typescript/lib/node_modules/typescript/lib/lib.es2015.symbol.d.ts","/home/christian/.emacs.d/.cache/lsp/npm/typescript/lib/node_modules/typescript/lib/lib.es2015.symbol.wellknown.d.ts","/home/christian/.emacs.d/.cache/lsp/npm/typescript/lib/node_modules/typescript/lib/lib.es2016.array.include.d.ts","/home/christian/.emacs.d/.cache/lsp/npm/typescript/lib/node_modules/typescript/lib/lib.es2016.full.d.ts","/home/christian/Projects/fullstack/phonebook/src/App.js"],"compilerOptions":{"module":1,"target":3,"jsx":1,"allowJs":true,"allowSyntheticDefaultImports":true,"allowNonTsExtensions":true,"noEmitForJsFiles":true,"maxNodeModuleJsDepth":2},"typeAcquisition":{"enable":true,"include":[],"exclude":[]},"unresolvedImports":["object-assign","react"],"projectRootPath":"/home/christian/Projects/fullstack/phonebook/src","kind":"discover"}
[16:54:56.094] Loaded safelist from types map file '/home/christian/.emacs.d/.cache/lsp/npm/typescript/lib/node_modules/typescript/lib/typesMap.json'
[16:54:56.094] Explicitly included types: []
[16:54:56.095] Inferred typings from unresolved imports: ["object-assign","react"]
[16:54:56.095] Result: {"cachedTypingPaths":[],"newTypingNames":["object-assign","react"],"filesToWatch":["/home/christian/Projects/fullstack/phonebook/src/bower_components","/home/christian/Projects/fullstack/phonebook/src/node_modules"]}
[16:54:56.095] Finished typings discovery: {"cachedTypingPaths":[],"newTypingNames":["object-assign","react"],"filesToWatch":["/home/christian/Projects/fullstack/phonebook/src/bower_components","/home/christian/Projects/fullstack/phonebook/src/node_modules"]}
[16:54:56.096] DirectoryWatcher:: Added:: WatchInfo: /home/christian/Projects/fullstack/phonebook/src/bower_components
[16:54:56.096] DirectoryWatcher:: Added:: WatchInfo: /home/christian/Projects/fullstack/phonebook/src/bower_components 1 undefined Project: /dev/null/inferredProject1* watcher already invoked: false
[16:54:56.097] Elapsed:: 1.1302400007843971ms DirectoryWatcher:: Added:: WatchInfo: /home/christian/Projects/fullstack/phonebook/src/bower_components 1 undefined Project: /dev/null/inferredProject1* watcher already invoked: false
[16:54:56.097] DirectoryWatcher:: Added:: WatchInfo: /home/christian/Projects/fullstack/phonebook/src/node_modules
[16:54:56.097] DirectoryWatcher:: Added:: WatchInfo: /home/christian/Projects/fullstack/phonebook/src/node_modules 1 undefined Project: /dev/null/inferredProject1* watcher already invoked: false
[16:54:56.097] Elapsed:: 0.11912499740719795ms DirectoryWatcher:: Added:: WatchInfo: /home/christian/Projects/fullstack/phonebook/src/node_modules 1 undefined Project: /dev/null/inferredProject1* watcher already invoked: false
[16:54:56.097] Installing typings ["object-assign","react"]
[16:54:56.098] Npm config file: /home/christian/.cache/typescript/4.5/package.json
[16:54:56.098] Sending response:
    {"kind":"event::beginInstallTypes","eventId":1,"typingsInstallerVersion":"4.5.4","projectName":"/dev/null/inferredProject1*"}
[16:54:56.098] Response has been sent.
[16:54:56.098] #1 with arguments'["@types/object-assign@ts4.5","@types/react@ts4.5"]'.
[16:54:56.098] Exec: /usr/local/bin/npm install --ignore-scripts @types/object-assign@ts4.5 @types/react@ts4.5 --save-dev --user-agent="typesInstaller/4.5.4"
[16:54:57.808]     Succeeded. stdout:
    
    added 5 packages, and audited 7 packages in 2s

found 0 vulnerabilities

[16:54:57.808] npm install #1 took: 1710 ms
[16:54:57.808] Installed typings ["@types/object-assign@ts4.5","@types/react@ts4.5"]
[16:54:57.813] Installed typing files ["/home/christian/.cache/typescript/4.5/node_modules/@types/object-assign/index.d.ts","/home/christian/.cache/typescript/4.5/node_modules/@types/react/index.d.ts"]
[16:54:57.813] Sending response:
    {"projectName":"/dev/null/inferredProject1*","typeAcquisition":{"enable":true,"include":[],"exclude":[]},"compilerOptions":{"module":1,"target":3,"jsx":1,"allowJs":true,"allowSyntheticDefaultImports":true,"allowNonTsExtensions":true,"noEmitForJsFiles":true,"maxNodeModuleJsDepth":2},"typings":["/home/christian/.cache/typescript/4.5/node_modules/@types/object-assign/index.d.ts","/home/christian/.cache/typescript/4.5/node_modules/@types/react/index.d.ts"],"unresolvedImports":["object-assign","react"],"kind":"action::set"}
[16:54:57.813] Response has been sent.
[16:54:57.813] Sending response:
    {"kind":"event::endInstallTypes","eventId":1,"projectName":"/dev/null/inferredProject1*","packagesToInstall":["@types/object-assign@ts4.5","@types/react@ts4.5"],"installSuccess":true,"typingsInstallerVersion":"4.5.4"}
[16:54:57.813] Response has been sent.
[16:54:58.166] Got install request {"projectName":"/dev/null/inferredProject1*","fileNames":["/home/christian/.emacs.d/.cache/lsp/npm/typescript/lib/node_modules/typescript/lib/lib.es5.d.ts","/home/christian/.emacs.d/.cache/lsp/npm/typescript/lib/node_modules/typescript/lib/lib.es2015.d.ts","/home/christian/.emacs.d/.cache/lsp/npm/typescript/lib/node_modules/typescript/lib/lib.es2016.d.ts","/home/christian/.emacs.d/.cache/lsp/npm/typescript/lib/node_modules/typescript/lib/lib.dom.d.ts","/home/christian/.emacs.d/.cache/lsp/npm/typescript/lib/node_modules/typescript/lib/lib.dom.iterable.d.ts","/home/christian/.emacs.d/.cache/lsp/npm/typescript/lib/node_modules/typescript/lib/lib.webworker.importscripts.d.ts","/home/christian/.emacs.d/.cache/lsp/npm/typescript/lib/node_modules/typescript/lib/lib.scripthost.d.ts","/home/christian/.emacs.d/.cache/lsp/npm/typescript/lib/node_modules/typescript/lib/lib.es2015.core.d.ts","/home/christian/.emacs.d/.cache/lsp/npm/typescript/lib/node_modules/typescript/lib/lib.es2015.collection.d.ts","/home/christian/.emacs.d/.cache/lsp/npm/typescript/lib/node_modules/typescript/lib/lib.es2015.generator.d.ts","/home/christian/.emacs.d/.cache/lsp/npm/typescript/lib/node_modules/typescript/lib/lib.es2015.iterable.d.ts","/home/christian/.emacs.d/.cache/lsp/npm/typescript/lib/node_modules/typescript/lib/lib.es2015.promise.d.ts","/home/christian/.emacs.d/.cache/lsp/npm/typescript/lib/node_modules/typescript/lib/lib.es2015.proxy.d.ts","/home/christian/.emacs.d/.cache/lsp/npm/typescript/lib/node_modules/typescript/lib/lib.es2015.reflect.d.ts","/home/christian/.emacs.d/.cache/lsp/npm/typescript/lib/node_modules/typescript/lib/lib.es2015.symbol.d.ts","/home/christian/.emacs.d/.cache/lsp/npm/typescript/lib/node_modules/typescript/lib/lib.es2015.symbol.wellknown.d.ts","/home/christian/.emacs.d/.cache/lsp/npm/typescript/lib/node_modules/typescript/lib/lib.es2016.array.include.d.ts","/home/christian/.emacs.d/.cache/lsp/npm/typescript/lib/node_modules/typescript/lib/lib.es2016.full.d.ts","/home/christian/.cache/typescript/4.5/node_modules/@types/react/global.d.ts","/home/christian/.cache/typescript/4.5/node_modules/@types/react/index.d.ts","/home/christian/Projects/fullstack/phonebook/src/App.js","/home/christian/.cache/typescript/4.5/node_modules/@types/object-assign/index.d.ts"],"compilerOptions":{"module":1,"target":3,"jsx":1,"allowJs":true,"allowSyntheticDefaultImports":true,"allowNonTsExtensions":true,"noEmitForJsFiles":true,"maxNodeModuleJsDepth":2},"typeAcquisition":{"enable":true,"include":[],"exclude":[]},"unresolvedImports":[],"projectRootPath":"/home/christian/Projects/fullstack/phonebook/src","kind":"discover"}
[16:54:58.167] Explicitly included types: []
[16:54:58.167] Inferred typings from unresolved imports: []
[16:54:58.168] Result: {"cachedTypingPaths":[],"newTypingNames":[],"filesToWatch":["/home/christian/Projects/fullstack/phonebook/src/bower_components","/home/christian/Projects/fullstack/phonebook/src/node_modules"]}
[16:54:58.168] Finished typings discovery: {"cachedTypingPaths":[],"newTypingNames":[],"filesToWatch":["/home/christian/Projects/fullstack/phonebook/src/bower_components","/home/christian/Projects/fullstack/phonebook/src/node_modules"]}
[16:54:58.168] Sending response:
    {"projectName":"/dev/null/inferredProject1*","typeAcquisition":{"enable":true,"include":[],"exclude":[]},"compilerOptions":{"module":1,"target":3,"jsx":1,"allowJs":true,"allowSyntheticDefaultImports":true,"allowNonTsExtensions":true,"noEmitForJsFiles":true,"maxNodeModuleJsDepth":2},"typings":[],"unresolvedImports":[],"kind":"action::set"}
[16:54:58.169] Response has been sent.
[16:54:58.169] No new typings were requested as a result of typings discovery
[16:54:58.382] Got install request {"projectName":"/dev/null/inferredProject1*","fileNames":["/home/christian/.emacs.d/.cache/lsp/npm/typescript/lib/node_modules/typescript/lib/lib.es5.d.ts","/home/christian/.emacs.d/.cache/lsp/npm/typescript/lib/node_modules/typescript/lib/lib.es2015.d.ts","/home/christian/.emacs.d/.cache/lsp/npm/typescript/lib/node_modules/typescript/lib/lib.es2016.d.ts","/home/christian/.emacs.d/.cache/lsp/npm/typescript/lib/node_modules/typescript/lib/lib.dom.d.ts","/home/christian/.emacs.d/.cache/lsp/npm/typescript/lib/node_modules/typescript/lib/lib.dom.iterable.d.ts","/home/christian/.emacs.d/.cache/lsp/npm/typescript/lib/node_modules/typescript/lib/lib.webworker.importscripts.d.ts","/home/christian/.emacs.d/.cache/lsp/npm/typescript/lib/node_modules/typescript/lib/lib.scripthost.d.ts","/home/christian/.emacs.d/.cache/lsp/npm/typescript/lib/node_modules/typescript/lib/lib.es2015.core.d.ts","/home/christian/.emacs.d/.cache/lsp/npm/typescript/lib/node_modules/typescript/lib/lib.es2015.collection.d.ts","/home/christian/.emacs.d/.cache/lsp/npm/typescript/lib/node_modules/typescript/lib/lib.es2015.generator.d.ts","/home/christian/.emacs.d/.cache/lsp/npm/typescript/lib/node_modules/typescript/lib/lib.es2015.iterable.d.ts","/home/christian/.emacs.d/.cache/lsp/npm/typescript/lib/node_modules/typescript/lib/lib.es2015.promise.d.ts","/home/christian/.emacs.d/.cache/lsp/npm/typescript/lib/node_modules/typescript/lib/lib.es2015.proxy.d.ts","/home/christian/.emacs.d/.cache/lsp/npm/typescript/lib/node_modules/typescript/lib/lib.es2015.reflect.d.ts","/home/christian/.emacs.d/.cache/lsp/npm/typescript/lib/node_modules/typescript/lib/lib.es2015.symbol.d.ts","/home/christian/.emacs.d/.cache/lsp/npm/typescript/lib/node_modules/typescript/lib/lib.es2015.symbol.wellknown.d.ts","/home/christian/.emacs.d/.cache/lsp/npm/typescript/lib/node_modules/typescript/lib/lib.es2016.array.include.d.ts","/home/christian/.emacs.d/.cache/lsp/npm/typescript/lib/node_modules/typescript/lib/lib.es2016.full.d.ts","/home/christian/Projects/fullstack/phonebook/src/App.js"],"compilerOptions":{"module":1,"target":3,"jsx":1,"allowJs":true,"allowSyntheticDefaultImports":true,"allowNonTsExtensions":true,"noEmitForJsFiles":true,"maxNodeModuleJsDepth":2},"typeAcquisition":{"enable":true,"include":[],"exclude":[]},"unresolvedImports":[],"projectRootPath":"/home/christian/Projects/fullstack/phonebook/src","kind":"discover"}
[16:54:58.382] Explicitly included types: []
[16:54:58.382] Inferred typings from unresolved imports: []
[16:54:58.383] Result: {"cachedTypingPaths":[],"newTypingNames":[],"filesToWatch":["/home/christian/Projects/fullstack/phonebook/src/bower_components","/home/christian/Projects/fullstack/phonebook/src/node_modules"]}
[16:54:58.383] Finished typings discovery: {"cachedTypingPaths":[],"newTypingNames":[],"filesToWatch":["/home/christian/Projects/fullstack/phonebook/src/bower_components","/home/christian/Projects/fullstack/phonebook/src/node_modules"]}
[16:54:58.383] Sending response:
    {"projectName":"/dev/null/inferredProject1*","typeAcquisition":{"enable":true,"include":[],"exclude":[]},"compilerOptions":{"module":1,"target":3,"jsx":1,"allowJs":true,"allowSyntheticDefaultImports":true,"allowNonTsExtensions":true,"noEmitForJsFiles":true,"maxNodeModuleJsDepth":2},"typings":[],"unresolvedImports":[],"kind":"action::set"}
[16:54:58.383] Response has been sent.
[16:54:58.383] No new typings were requested as a result of typings discovery
